fatal: No names found, cannot describe anything.
CMake Deprecation Warning at CMakeLists.txt:1 (cmake_minimum_required):
  Compatibility with CMake < 3.5 will be removed from a future version of
  CMake.

  Update the VERSION argument <min> value or use a ...<max> suffix to tell
  CMake that the project does not need compatibility with older versions.


-- The CXX compiler identification is GNU 10.2.1
-- The C compiler identification is GNU 10.2.1
-- The ASM compiler identification is GNU
-- Found assembler: /tools/gcc-arm-none-eabi-10-2020-q4-major/bin/arm-none-eabi-gcc
-- Detecting CXX compiler ABI info
-- Detecting CXX compiler ABI info - done
-- Check for working CXX compiler: /tools/gcc-arm-none-eabi-10-2020-q4-major/bin/arm-none-eabi-g++ - skipped
-- Detecting CXX compile features
-- Detecting CXX compile features - done
-- Detecting C compiler ABI info
-- Detecting C compiler ABI info - done
-- Check for working C compiler: /tools/gcc-arm-none-eabi-10-2020-q4-major/bin/arm-none-eabi-gcc - skipped
-- Detecting C compile features
-- Detecting C compile features - done
fatal: No names found, cannot describe anything.
-- Configuring for CAM sensor on GPIO_EXT_GPIO4/5
-- Configuring done (14.3s)
-- Generating done (0.1s)
CMake Warning:
  Manually-specified variables were not used by the project:

    HWVERS


-- Build files have been written to: /home/fourn/linkit-v4/linkit-v4-core/ports/nrf52840/build/CORE
[  1%] Building C object CMakeFiles/LinkIt_CORE_board.dir/home/fourn/linkit-v4/linkit-v4-core/libraries/littlefs/lfs.c.obj
[  1%] Building C object CMakeFiles/LinkIt_CORE_board.dir/home/fourn/linkit-v4/linkit-v4-core/libraries/littlefs/lfs_util.c.obj
[  2%] Building C object CMakeFiles/LinkIt_CORE_board.dir/home/fourn/linkit-v4/linkit-v4-core/libraries/prepass/prepass_package_code-PREPAS_V3.4/previpass_util.c.obj
[  3%] Building C object CMakeFiles/LinkIt_CORE_board.dir/home/fourn/linkit-v4/linkit-v4-core/libraries/prepass/prepass_package_code-PREPAS_V3.4/previpass.c.obj
[  4%] Building C object CMakeFiles/LinkIt_CORE_board.dir/home/fourn/linkit-v4/linkit-v4-core/libraries/CmBacktrace/cm_backtrace/cm_backtrace.c.obj
[  4%] Building C object CMakeFiles/LinkIt_CORE_board.dir/drivers/nRF5_SDK_17.0.2/components/ble/common/ble_advdata.c.obj
[  5%] Building C object CMakeFiles/LinkIt_CORE_board.dir/drivers/nRF5_SDK_17.0.2/components/ble/ble_advertising/ble_advertising.c.obj
[  6%] Building C object CMakeFiles/LinkIt_CORE_board.dir/drivers/nRF5_SDK_17.0.2/components/ble/common/ble_conn_state.c.obj
[  7%] Building C object CMakeFiles/LinkIt_CORE_board.dir/drivers/nRF5_SDK_17.0.2/components/ble/ble_link_ctx_manager/ble_link_ctx_manager.c.obj
[  8%] Building C object CMakeFiles/LinkIt_CORE_board.dir/drivers/nRF5_SDK_17.0.2/components/ble/common/ble_srv_common.c.obj
[  8%] Building C object CMakeFiles/LinkIt_CORE_board.dir/drivers/nRF5_SDK_17.0.2/components/ble/nrf_ble_gatt/nrf_ble_gatt.c.obj
[  9%] Building C object CMakeFiles/LinkIt_CORE_board.dir/drivers/nRF5_SDK_17.0.2/components/ble/nrf_ble_qwr/nrf_ble_qwr.c.obj
[ 10%] Building C object CMakeFiles/LinkIt_CORE_board.dir/drivers/nRF5_SDK_17.0.2/components/ble/ble_services/ble_nus/ble_nus.c.obj
[ 11%] Building C object CMakeFiles/LinkIt_CORE_board.dir/drivers/nRF5_SDK_17.0.2/components/libraries/memobj/nrf_memobj.c.obj
[ 12%] Building C object CMakeFiles/LinkIt_CORE_board.dir/drivers/nRF5_SDK_17.0.2/components/libraries/balloc/nrf_balloc.c.obj
[ 12%] Building C object CMakeFiles/LinkIt_CORE_board.dir/drivers/nRF5_SDK_17.0.2/components/libraries/log/src/nrf_log_frontend.c.obj
[ 13%] Building C object CMakeFiles/LinkIt_CORE_board.dir/drivers/nRF5_SDK_17.0.2/components/libraries/log/src/nrf_log_str_formatter.c.obj
[ 14%] Building C object CMakeFiles/LinkIt_CORE_board.dir/drivers/nRF5_SDK_17.0.2/components/libraries/ringbuf/nrf_ringbuf.c.obj
[ 15%] Building C object CMakeFiles/LinkIt_CORE_board.dir/drivers/nRF5_SDK_17.0.2/components/libraries/log/src/nrf_log_backend_serial.c.obj
[ 16%] Building C object CMakeFiles/LinkIt_CORE_board.dir/drivers/nRF5_SDK_17.0.2/external/fprintf/nrf_fprintf.c.obj
[ 16%] Building C object CMakeFiles/LinkIt_CORE_board.dir/drivers/nRF5_SDK_17.0.2/external/fprintf/nrf_fprintf_format.c.obj
[ 17%] Building C object CMakeFiles/LinkIt_CORE_board.dir/drivers/nRF5_SDK_17.0.2/components/libraries/experimental_section_vars/nrf_section_iter.c.obj
[ 18%] Building C object CMakeFiles/LinkIt_CORE_board.dir/drivers/nRF5_SDK_17.0.2/components/libraries/util/app_util_platform.c.obj
[ 19%] Building C object CMakeFiles/LinkIt_CORE_board.dir/drivers/nRF5_SDK_17.0.2/components/libraries/atomic_flags/nrf_atflags.c.obj
[ 20%] Building C object CMakeFiles/LinkIt_CORE_board.dir/drivers/nRF5_SDK_17.0.2/components/libraries/atomic/nrf_atomic.c.obj
[ 20%] Building C object CMakeFiles/LinkIt_CORE_board.dir/drivers/nRF5_SDK_17.0.2/components/libraries/atomic_fifo/nrf_atfifo.c.obj
[ 21%] Building C object CMakeFiles/LinkIt_CORE_board.dir/drivers/nRF5_SDK_17.0.2/components/libraries/util/app_error.c.obj
[ 22%] Building C object CMakeFiles/LinkIt_CORE_board.dir/drivers/nRF5_SDK_17.0.2/components/libraries/util/app_error_handler_gcc.c.obj
[ 23%] Building C object CMakeFiles/LinkIt_CORE_board.dir/drivers/nRF5_SDK_17.0.2/components/libraries/util/app_error_weak.c.obj
[ 25%] Building C object CMakeFiles/LinkIt_CORE_board.dir/drivers/nRF5_SDK_17.0.2/components/libraries/strerror/nrf_strerror.c.obj
[ 25%] Building C object CMakeFiles/LinkIt_CORE_board.dir/drivers/nRF5_SDK_17.0.2/components/libraries/timer/drv_rtc.c.obj
[ 26%] Building C object CMakeFiles/LinkIt_CORE_board.dir/drivers/nRF5_SDK_17.0.2/components/libraries/pwr_mgmt/nrf_pwr_mgmt.c.obj
[ 27%] Building C object CMakeFiles/LinkIt_CORE_board.dir/drivers/nRF5_SDK_17.0.2/components/libraries/sortlist/nrf_sortlist.c.obj
[ 28%] Building C object CMakeFiles/LinkIt_CORE_board.dir/drivers/nRF5_SDK_17.0.2/components/softdevice/common/nrf_sdh.c.obj
[ 29%] Building C object CMakeFiles/LinkIt_CORE_board.dir/drivers/nRF5_SDK_17.0.2/components/softdevice/common/nrf_sdh_ble.c.obj
[ 29%] Building C object CMakeFiles/LinkIt_CORE_board.dir/drivers/nRF5_SDK_17.0.2/components/softdevice/common/nrf_sdh_soc.c.obj
[ 30%] Building C object CMakeFiles/LinkIt_CORE_board.dir/drivers/nRF5_SDK_17.0.2/components/libraries/crc32/crc32.c.obj
[ 31%] Building C object CMakeFiles/LinkIt_CORE_board.dir/drivers/nRF5_SDK_17.0.2/components/libraries/crc16/crc16.c.obj
[ 32%] Building C object CMakeFiles/LinkIt_CORE_board.dir/drivers/nRF5_SDK_17.0.2/components/libraries/queue/nrf_queue.c.obj
[ 33%] Building C object CMakeFiles/LinkIt_CORE_board.dir/drivers/nRF5_SDK_17.0.2/components/libraries/libuarte/nrf_libuarte_async.c.obj
[ 33%] Building C object CMakeFiles/LinkIt_CORE_board.dir/drivers/nRF5_SDK_17.0.2/components/libraries/libuarte/nrf_libuarte_drv.c.obj
[ 34%] Building C object CMakeFiles/LinkIt_CORE_board.dir/drivers/nRF5_SDK_17.0.2/components/libraries/usbd/app_usbd.c.obj
[ 35%] Building C object CMakeFiles/LinkIt_CORE_board.dir/drivers/nRF5_SDK_17.0.2/components/libraries/usbd/app_usbd_core.c.obj
[ 36%] Building C object CMakeFiles/LinkIt_CORE_board.dir/drivers/nRF5_SDK_17.0.2/components/libraries/usbd/app_usbd_string_desc.c.obj
[ 37%] Building C object CMakeFiles/LinkIt_CORE_board.dir/drivers/nRF5_SDK_17.0.2/components/libraries/usbd/app_usbd_serial_num.c.obj
[ 37%] Building C object CMakeFiles/LinkIt_CORE_board.dir/drivers/nRF5_SDK_17.0.2/components/libraries/usbd/class/cdc/acm/app_usbd_cdc_acm.c.obj
[ 38%] Building C object CMakeFiles/LinkIt_CORE_board.dir/drivers/nRF5_SDK_17.0.2/integration/nrfx/legacy/nrf_drv_clock.c.obj
[ 39%] Building C object CMakeFiles/LinkIt_CORE_board.dir/drivers/nRF5_SDK_17.0.2/integration/nrfx/legacy/nrf_drv_power.c.obj
[ 40%] Building C object CMakeFiles/LinkIt_CORE_board.dir/drivers/nRF5_SDK_17.0.2/modules/nrfx/mdk/system_nrf52840.c.obj
[ 41%] Building C object CMakeFiles/LinkIt_CORE_board.dir/drivers/nRF5_SDK_17.0.2/modules/nrfx/drivers/src/nrfx_uarte.c.obj
[ 41%] Building C object CMakeFiles/LinkIt_CORE_board.dir/drivers/nRF5_SDK_17.0.2/modules/nrfx/drivers/src/nrfx_qspi.c.obj
[ 42%] Building C object CMakeFiles/LinkIt_CORE_board.dir/drivers/nRF5_SDK_17.0.2/modules/nrfx/drivers/src/nrfx_spim.c.obj
[ 43%] Building C object CMakeFiles/LinkIt_CORE_board.dir/drivers/nRF5_SDK_17.0.2/modules/nrfx/drivers/src/nrfx_twim.c.obj
[ 44%] Building C object CMakeFiles/LinkIt_CORE_board.dir/drivers/nRF5_SDK_17.0.2/modules/nrfx/drivers/src/nrfx_rtc.c.obj
[ 45%] Building C object CMakeFiles/LinkIt_CORE_board.dir/drivers/nRF5_SDK_17.0.2/modules/nrfx/drivers/src/nrfx_wdt.c.obj
[ 45%] Building C object CMakeFiles/LinkIt_CORE_board.dir/drivers/nRF5_SDK_17.0.2/modules/nrfx/drivers/src/nrfx_ppi.c.obj
[ 46%] Building C object CMakeFiles/LinkIt_CORE_board.dir/drivers/nRF5_SDK_17.0.2/modules/nrfx/drivers/src/nrfx_timer.c.obj
[ 47%] Building C object CMakeFiles/LinkIt_CORE_board.dir/drivers/nRF5_SDK_17.0.2/modules/nrfx/drivers/src/nrfx_gpiote.c.obj
[ 48%] Building C object CMakeFiles/LinkIt_CORE_board.dir/drivers/nRF5_SDK_17.0.2/modules/nrfx/drivers/src/nrfx_saadc.c.obj
[ 50%] Building C object CMakeFiles/LinkIt_CORE_board.dir/drivers/nRF5_SDK_17.0.2/modules/nrfx/drivers/src/nrfx_usbd.c.obj
[ 50%] Building C object CMakeFiles/LinkIt_CORE_board.dir/drivers/nRF5_SDK_17.0.2/modules/nrfx/drivers/src/nrfx_clock.c.obj
[ 51%] Building C object CMakeFiles/LinkIt_CORE_board.dir/drivers/nRF5_SDK_17.0.2/modules/nrfx/drivers/src/nrfx_power.c.obj
[ 52%] Building C object CMakeFiles/LinkIt_CORE_board.dir/drivers/nRF5_SDK_17.0.2/modules/nrfx/soc/nrfx_atomic.c.obj
[ 53%] Building C object CMakeFiles/LinkIt_CORE_board.dir/drivers/nRF5_SDK_17.0.2/modules/nrfx/hal/nrf_nvmc.c.obj
[ 54%] Building CXX object CMakeFiles/LinkIt_CORE_board.dir/home/fourn/linkit-v4/linkit-v4-core/core/hardware/sensor.cpp.obj
[ 54%] Building CXX object CMakeFiles/LinkIt_CORE_board.dir/home/fourn/linkit-v4/linkit-v4-core/core/hardware/reed.cpp.obj
[ 55%] Building CXX object CMakeFiles/LinkIt_CORE_board.dir/home/fourn/linkit-v4/linkit-v4-core/core/sm/gentracker.cpp.obj
[ 56%] Building CXX object CMakeFiles/LinkIt_CORE_board.dir/home/fourn/linkit-v4/linkit-v4-core/core/sm/ledsm.cpp.obj
[ 57%] Building CXX object CMakeFiles/LinkIt_CORE_board.dir/home/fourn/linkit-v4/linkit-v4-core/core/sm/buzzm.cpp.obj
[ 58%] Building CXX object CMakeFiles/LinkIt_CORE_board.dir/home/fourn/linkit-v4/linkit-v4-core/core/services/service.cpp.obj
[ 58%] Building CXX object CMakeFiles/LinkIt_CORE_board.dir/home/fourn/linkit-v4/linkit-v4-core/core/services/gps_service.cpp.obj
[ 59%] Building CXX object CMakeFiles/LinkIt_CORE_board.dir/home/fourn/linkit-v4/linkit-v4-core/core/services/argos_tx_service.cpp.obj
[ 60%] Building CXX object CMakeFiles/LinkIt_CORE_board.dir/home/fourn/linkit-v4/linkit-v4-core/core/services/argos_rx_service.cpp.obj
[ 61%] Building CXX object CMakeFiles/LinkIt_CORE_board.dir/home/fourn/linkit-v4/linkit-v4-core/core/services/uwdetector_service.cpp.obj
[ 62%] Building CXX object CMakeFiles/LinkIt_CORE_board.dir/home/fourn/linkit-v4/linkit-v4-core/core/services/cam_service.cpp.obj
[ 62%] Building CXX object CMakeFiles/LinkIt_CORE_board.dir/home/fourn/linkit-v4/linkit-v4-core/core/logging/logger.cpp.obj
[ 63%] Building CXX object CMakeFiles/LinkIt_CORE_board.dir/home/fourn/linkit-v4/linkit-v4-core/core/util/haversine.cpp.obj
[ 64%] Building CXX object CMakeFiles/LinkIt_CORE_board.dir/home/fourn/linkit-v4/linkit-v4-core/core/filesystem/ota_flash_file_updater.cpp.obj
[ 65%] Building CXX object CMakeFiles/LinkIt_CORE_board.dir/home/fourn/linkit-v4/linkit-v4-core/core/protocol/dte_commands.cpp.obj
[ 66%] Building CXX object CMakeFiles/LinkIt_CORE_board.dir/home/fourn/linkit-v4/linkit-v4-core/core/protocol/dte_params.cpp.obj
[ 66%] Building CXX object CMakeFiles/LinkIt_CORE_board.dir/home/fourn/linkit-v4/linkit-v4-core/core/configuration/calibration.cpp.obj
[ 67%] Building CXX object CMakeFiles/LinkIt_CORE_board.dir/bsp/gentracker_v1.0/bsp.cpp.obj
[ 68%] Building CXX object CMakeFiles/LinkIt_CORE_board.dir/core/filesystem/is25_flash.cpp.obj
[ 69%] Building CXX object CMakeFiles/LinkIt_CORE_board.dir/core/hardware/ms58xx/ms58xx.cpp.obj
[ 70%] Building CXX object CMakeFiles/LinkIt_CORE_board.dir/core/hardware/bar100/bar100.cpp.obj
[ 70%] Building CXX object CMakeFiles/LinkIt_CORE_board.dir/core/hardware/ad5933/ad5933.cpp.obj
[ 71%] Building CXX object CMakeFiles/LinkIt_CORE_board.dir/core/hardware/bma400/bma400.cpp.obj
[ 72%] Building C object CMakeFiles/LinkIt_CORE_board.dir/core/hardware/bma400/bma400.c.obj
[ 73%] Building CXX object CMakeFiles/LinkIt_CORE_board.dir/core/hardware/cdt/cdt.cpp.obj
[ 75%] Building CXX object CMakeFiles/LinkIt_CORE_board.dir/core/hardware/ltr_303/ltr_303.cpp.obj
[ 75%] Building CXX object CMakeFiles/LinkIt_CORE_board.dir/core/hardware/oem_ph/oem_ph.cpp.obj
[ 76%] Building CXX object CMakeFiles/LinkIt_CORE_board.dir/core/hardware/oem_rtd/oem_rtd.cpp.obj
[ 77%] Building CXX object CMakeFiles/LinkIt_CORE_board.dir/core/hardware/ezo_rtd/ezo_rtd.cpp.obj
[ 78%] Building CXX object CMakeFiles/LinkIt_CORE_board.dir/core/hardware/tsys01/TSYS01.cpp.obj
[ 79%] Building CXX object CMakeFiles/LinkIt_CORE_board.dir/core/hardware/kim2/kim2.cpp.obj
[ 79%] Building CXX object CMakeFiles/LinkIt_CORE_board.dir/core/hardware/kim2/kim2_comm.cpp.obj
[ 80%] Building CXX object CMakeFiles/LinkIt_CORE_board.dir/core/hardware/nrf_timer.cpp.obj
[ 81%] Building CXX object CMakeFiles/LinkIt_CORE_board.dir/core/hardware/nrf_rtc.cpp.obj
[ 82%] Building CXX object CMakeFiles/LinkIt_CORE_board.dir/core/hardware/nrf_spim.cpp.obj
[ 83%] Building CXX object CMakeFiles/LinkIt_CORE_board.dir/core/hardware/nrf_gpio.cpp.obj
[ 83%] Building CXX object CMakeFiles/LinkIt_CORE_board.dir/core/hardware/nrf_pmu.cpp.obj
[ 84%] Building CXX object CMakeFiles/LinkIt_CORE_board.dir/core/hardware/nrf_switch.cpp.obj
[ 85%] Building CXX object CMakeFiles/LinkIt_CORE_board.dir/core/hardware/nrf_irq.cpp.obj
[ 86%] Building CXX object CMakeFiles/LinkIt_CORE_board.dir/core/hardware/nrf_battery_mon.cpp.obj
[ 87%] Building CXX object CMakeFiles/LinkIt_CORE_board.dir/core/hardware/nrf_i2c.cpp.obj
[ 87%] Building CXX object CMakeFiles/LinkIt_CORE_board.dir/core/hardware/nrf_usb.cpp.obj
[ 88%] Building CXX object CMakeFiles/LinkIt_CORE_board.dir/core/interface/ble_interface.cpp.obj
[ 89%] Building C object CMakeFiles/LinkIt_CORE_board.dir/core/interface/ble_stm_ota.c.obj
[ 90%] Building C object CMakeFiles/LinkIt_CORE_board.dir/core/memmang/heap_4.c.obj
[ 91%] Building C object CMakeFiles/LinkIt_CORE_board.dir/core/memmang/heap_mem.c.obj
[ 91%] Building C object CMakeFiles/LinkIt_CORE_board.dir/core/memmang/bindings.c.obj
[ 92%] Building CXX object CMakeFiles/LinkIt_CORE_board.dir/core/memmang/bindings.cpp.obj
[ 93%] Building CXX object CMakeFiles/LinkIt_CORE_board.dir/core/memmang/memmang.cpp.obj
[ 94%] Building CXX object CMakeFiles/LinkIt_CORE_board.dir/core/scheduling/interrupt_lock.cpp.obj
[ 95%] Building C object CMakeFiles/LinkIt_CORE_board.dir/drivers/nrf_log_redirect/nrf_log_redirect.c.obj
[ 95%] Building ASM object CMakeFiles/LinkIt_CORE_board.dir/gcc_startup_nrf52840.S.obj
[ 96%] Building CXX object CMakeFiles/LinkIt_CORE_board.dir/main.cpp.obj
[ 97%] Building CXX object CMakeFiles/LinkIt_CORE_board.dir/core/hardware/run_cam/runcam.cpp.obj
[ 98%] Building CXX object CMakeFiles/LinkIt_CORE_board.dir/core/hardware/m10qasync/m10qasync.cpp.obj
[100%] Building CXX object CMakeFiles/LinkIt_CORE_board.dir/core/hardware/m10qasync/ubx_comms.cpp.obj
[01m[K/home/fourn/linkit-v4/linkit-v4-core/ports/nrf52840/main.cpp:[m[K In function '[01m[Kint main()[m[K':
[01m[K/home/fourn/linkit-v4/linkit-v4-core/ports/nrf52840/main.cpp:510:21:[m[K [01;31m[Kerror: [m[Kcannot declare variable '[01m[Kkim2[m[K' to be of abstract type '[01m[KKIM2Device[m[K'
  510 |   static KIM2Device [01;31m[Kkim2[m[K;
      |                     [01;31m[K^~~~[m[K
In file included from [01m[K/home/fourn/linkit-v4/linkit-v4-core/ports/nrf52840/main.cpp:61[m[K:
[01m[K/home/fourn/linkit-v4/linkit-v4-core/ports/nrf52840/core/hardware/kim2/kim2.hpp:9:7:[m[K [01;36m[Knote: [m[K  because the following virtual functions are pure within '[01m[KKIM2Device[m[K':
    9 | class [01;36m[KKIM2Device[m[K : public KIM2CommEventListener, public KineisDevice {
      |       [01;36m[K^~~~~~~~~~[m[K
In file included from [01m[K/home/fourn/linkit-v4/linkit-v4-core/core/services/argos_tx_service.hpp:8[m[K,
                 from [01m[K/home/fourn/linkit-v4/linkit-v4-core/ports/nrf52840/main.cpp:12[m[K:
[01m[K/home/fourn/linkit-v4/linkit-v4-core/core/hardware/kineis_device.hpp:60:15:[m[K [01;36m[Knote: [m[K    '[01m[Kvirtual void KineisDevice::start_receive(KineisModulation)[m[K'
   60 |  virtual void [01;36m[Kstart_receive[m[K(const KineisModulation mode) = 0;
      |               [01;36m[K^~~~~~~~~~~~~[m[K
[01m[K/home/fourn/linkit-v4/linkit-v4-core/core/hardware/kineis_device.hpp:61:15:[m[K [01;36m[Knote: [m[K    '[01m[Kvirtual bool KineisDevice::stop_receive()[m[K'
   61 |  virtual bool [01;36m[Kstop_receive[m[K() = 0;
      |               [01;36m[K^~~~~~~~~~~~[m[K
[01m[K/home/fourn/linkit-v4/linkit-v4-core/core/hardware/kineis_device.hpp:62:15:[m[K [01;36m[Knote: [m[K    '[01m[Kvirtual void KineisDevice::set_frequency(double)[m[K'
   62 |  virtual void [01;36m[Kset_frequency[m[K(double freq_mhz) = 0;
      |               [01;36m[K^~~~~~~~~~~~~[m[K
[01m[K/home/fourn/linkit-v4/linkit-v4-core/core/hardware/kineis_device.hpp:63:15:[m[K [01;36m[Knote: [m[K    '[01m[Kvirtual void KineisDevice::set_tcxo_warmup_time(unsigned int)[m[K'
   63 |  virtual void [01;36m[Kset_tcxo_warmup_time[m[K(unsigned int ms) = 0;
      |               [01;36m[K^~~~~~~~~~~~~~~~~~~~[m[K
make[2]: *** [CMakeFiles/LinkIt_CORE_board.dir/build.make:1699: CMakeFiles/LinkIt_CORE_board.dir/main.cpp.obj] Error 1
make[2]: *** Waiting for unfinished jobs....
make[1]: *** [CMakeFiles/Makefile2:87: CMakeFiles/LinkIt_CORE_board.dir/all] Error 2
make: *** [Makefile:91: all] Error 2
pyenv: nrfutil: command not found

The `nrfutil' command exists in these Python versions:
  3.10.14/envs/linkitenv
  linkitenv

Note: See 'pyenv help global' for tips on allowing both
      python2 and python3 to be found.
Parsing input files.
Could not find file "cls_bootloader_v1_linkit_merged.hex"
ERROR: One of the files to merge cannot be found.
Parsing input files.
Could not find file "m1.hex"
ERROR: One of the files to merge cannot be found.
mv: cannot stat 'LinkIt_CORE_board_dfu.zip': No such file or directory
cp: cannot stat 'LinkIt_CORE_board.elf': No such file or directory
mv: cannot stat 'LinkIt_CORE_board.hex': No such file or directory
mv: cannot stat 'LinkIt_CORE_board.img': No such file or directory
mv: cannot stat 'LinkIt_CORE_board_merged.hex': No such file or directory
